<?xml version="1.0" encoding="UTF-8"?>
<testng-results ignored="0" total="1" passed="1" failed="0" skipped="0">
  <reporter-output>
  </reporter-output>
  <suite started-at="2023-10-19T17:51:08 IST" name="Default suite" finished-at="2023-10-19T17:51:08 IST" duration-ms="247">
    <groups>
    </groups>
    <test started-at="2023-10-19T17:51:08 IST" name="Default test" finished-at="2023-10-19T17:51:08 IST" duration-ms="247">
      <class name="org.appiumpractice.Sample">
        <test-method signature="tc1()[pri:0, instance:org.appiumpractice.Sample@793f29ff]" started-at="2023-10-19T17:51:08 IST" name="tc1" finished-at="2023-10-19T17:51:08 IST" duration-ms="22" status="PASS">
          <reporter-output>
          </reporter-output>
        </test-method> <!-- tc1 -->
      </class> <!-- org.appiumpractice.Sample -->
    </test> <!-- Default test -->
  </suite> <!-- Default suite -->
</testng-results>
